action: GLOB, msg: packaging
cwd: C:\Users\John\Documents\GIT\odoo-external-api
cmd: 'c:\users\john\appdata\local\programs\python\python36\python.exe' setup.py sdist --formats=zip --dist-dir '.tox\dist'
running sdist
running egg_info
writing Odoo_Base_API.egg-info\PKG-INFO
writing dependency_links to Odoo_Base_API.egg-info\dependency_links.txt
writing top-level names to Odoo_Base_API.egg-info\top_level.txt
reading manifest file 'Odoo_Base_API.egg-info\SOURCES.txt'
writing manifest file 'Odoo_Base_API.egg-info\SOURCES.txt'
running check
warning: check: missing required meta-data: url

warning: check: missing meta-data: either (author and author_email) or (maintainer and maintainer_email) must be supplied

creating Odoo Base API-2019.1.3
creating Odoo Base API-2019.1.3\Odoo_Base_API.egg-info
copying files to Odoo Base API-2019.1.3...
copying README.md -> Odoo Base API-2019.1.3
copying setup.py -> Odoo Base API-2019.1.3
copying Odoo_Base_API.egg-info\PKG-INFO -> Odoo Base API-2019.1.3\Odoo_Base_API.egg-info
copying Odoo_Base_API.egg-info\SOURCES.txt -> Odoo Base API-2019.1.3\Odoo_Base_API.egg-info
copying Odoo_Base_API.egg-info\dependency_links.txt -> Odoo Base API-2019.1.3\Odoo_Base_API.egg-info
copying Odoo_Base_API.egg-info\top_level.txt -> Odoo Base API-2019.1.3\Odoo_Base_API.egg-info
Writing Odoo Base API-2019.1.3\setup.cfg
creating '.tox\dist\Odoo Base API-2019.1.3.zip' and adding 'Odoo Base API-2019.1.3' to it
adding 'Odoo Base API-2019.1.3'
adding 'Odoo Base API-2019.1.3\Odoo_Base_API.egg-info'
adding 'Odoo Base API-2019.1.3\PKG-INFO'
adding 'Odoo Base API-2019.1.3\README.md'
adding 'Odoo Base API-2019.1.3\setup.cfg'
adding 'Odoo Base API-2019.1.3\setup.py'
adding 'Odoo Base API-2019.1.3\Odoo_Base_API.egg-info\dependency_links.txt'
adding 'Odoo Base API-2019.1.3\Odoo_Base_API.egg-info\PKG-INFO'
adding 'Odoo Base API-2019.1.3\Odoo_Base_API.egg-info\SOURCES.txt'
adding 'Odoo Base API-2019.1.3\Odoo_Base_API.egg-info\top_level.txt'
removing 'Odoo Base API-2019.1.3' (and everything under it)
